# JRE version: OpenJDK Runtime Environment (11.0.12+7) (build 11.0.12+7-b1504.28-7817840)
# Java VM: OpenJDK 64-Bit Server VM (11.0.12+7-b1504.28-7817840, mixed mode, tiered, compressed oops, g1 gc, windows-amd64)
Heap:
 garbage-first heap   total 370688K, used 170091K [0x0000000080000000, 0x0000000100000000)
  region size 1024K, 9 young (9216K), 9 survivors (9216K)
 Metaspace       used 125953K, capacity 129606K, committed 129740K, reserved 1161216K
  class space    used 15930K, capacity 17344K, committed 17356K, reserved 1048576K
GC Heap History (20 events):
Event: 30.120 GC heap after
{Heap after GC invocations=51 (full 0):
 garbage-first heap   total 232448K, used 136087K [0x0000000080000000, 0x0000000100000000)
  region size 1024K, 4 young (4096K), 4 survivors (4096K)
 Metaspace       used 111439K, capacity 114424K, committed 114636K, reserved 1148928K
  class space    used 13927K, capacity 15024K, committed 15052K, reserved 1048576K
}
Event: 30.437 GC heap before
{Heap before GC invocations=52 (full 0):
 garbage-first heap   total 232448K, used 180119K [0x0000000080000000, 0x0000000100000000)
  region size 1024K, 46 young (47104K), 4 survivors (4096K)
 Metaspace       used 112943K, capacity 115990K, committed 116172K, reserved 1150976K
  class space    used 14091K, capacity 15201K, committed 15308K, reserved 1048576K
}
Event: 30.441 GC heap after
{Heap after GC invocations=53 (full 0):
 garbage-first heap   total 232448K, used 136098K [0x0000000080000000, 0x0000000100000000)
  region size 1024K, 3 young (3072K), 3 survivors (3072K)
 Metaspace       used 112943K, capacity 115990K, committed 116172K, reserved 1150976K
  class space    used 14091K, capacity 15201K, committed 15308K, reserved 1048576K
}
Event: 30.510 GC heap before
{Heap before GC invocations=53 (full 0):
 garbage-first heap   total 232448K, used 143266K [0x0000000080000000, 0x0000000100000000)
  region size 1024K, 11 young (11264K), 3 survivors (3072K)
 Metaspace       used 113368K, capacity 116351K, committed 116428K, reserved 1150976K
  class space    used 14145K, capacity 15235K, committed 15308K, reserved 1048576K
}
Event: 30.515 GC heap after
{Heap after GC invocations=54 (full 0):
 garbage-first heap   total 232448K, used 133588K [0x0000000080000000, 0x0000000100000000)
  region size 1024K, 2 young (2048K), 2 survivors (2048K)
 Metaspace       used 113368K, capacity 116351K, committed 116428K, reserved 1150976K
  class space    used 14145K, capacity 15235K, committed 15308K, reserved 1048576K
}
Event: 30.825 GC heap before
{Heap before GC invocations=54 (full 0):
 garbage-first heap   total 232448K, used 179668K [0x0000000080000000, 0x0000000100000000)
  region size 1024K, 47 young (48128K), 2 survivors (2048K)
 Metaspace       used 116416K, capacity 119424K, committed 119628K, reserved 1153024K
  class space    used 14534K, capacity 15619K, committed 15692K, reserved 1048576K
}
Event: 30.834 GC heap after
{Heap after GC invocations=55 (full 0):
 garbage-first heap   total 232448K, used 135252K [0x0000000080000000, 0x0000000100000000)
  region size 1024K, 3 young (3072K), 3 survivors (3072K)
 Metaspace       used 116416K, capacity 119424K, committed 119628K, reserved 1153024K
  class space    used 14534K, capacity 15619K, committed 15692K, reserved 1048576K
}
Event: 31.300 GC heap before
{Heap before GC invocations=56 (full 0):
 garbage-first heap   total 232448K, used 182356K [0x0000000080000000, 0x0000000100000000)
  region size 1024K, 51 young (52224K), 3 survivors (3072K)
 Metaspace       used 117298K, capacity 120311K, committed 120524K, reserved 1155072K
  class space    used 14631K, capacity 15712K, committed 15820K, reserved 1048576K
}
Event: 31.307 GC heap after
{Heap after GC invocations=57 (full 0):
 garbage-first heap   total 232448K, used 137975K [0x0000000080000000, 0x0000000100000000)
  region size 1024K, 6 young (6144K), 6 survivors (6144K)
 Metaspace       used 117298K, capacity 120311K, committed 120524K, reserved 1155072K
  class space    used 14631K, capacity 15712K, committed 15820K, reserved 1048576K
}
Event: 31.341 GC heap before
{Heap before GC invocations=57 (full 0):
 garbage-first heap   total 232448K, used 142071K [0x0000000080000000, 0x0000000100000000)
  region size 1024K, 12 young (12288K), 6 survivors (6144K)
 Metaspace       used 117437K, capacity 120391K, committed 120524K, reserved 1155072K
  class space    used 14650K, capacity 15718K, committed 15820K, reserved 1048576K
}
Event: 31.350 GC heap after
{Heap after GC invocations=58 (full 0):
 garbage-first heap   total 232448K, used 132388K [0x0000000080000000, 0x0000000100000000)
  region size 1024K, 1 young (1024K), 1 survivors (1024K)
 Metaspace       used 117437K, capacity 120391K, committed 120524K, reserved 1155072K
  class space    used 14650K, capacity 15718K, committed 15820K, reserved 1048576K
}
Event: 31.624 GC heap before
{Heap before GC invocations=58 (full 0):
 garbage-first heap   total 232448K, used 182564K [0x0000000080000000, 0x0000000100000000)
  region size 1024K, 51 young (52224K), 1 survivors (1024K)
 Metaspace       used 117966K, capacity 120988K, committed 121164K, reserved 1155072K
  class space    used 14705K, capacity 15826K, committed 15948K, reserved 1048576K
}
Event: 31.631 GC heap after
{Heap after GC invocations=59 (full 0):
 garbage-first heap   total 280576K, used 135640K [0x0000000080000000, 0x0000000100000000)
  region size 1024K, 5 young (5120K), 5 survivors (5120K)
 Metaspace       used 117966K, capacity 120988K, committed 121164K, reserved 1155072K
  class space    used 14705K, capacity 15826K, committed 15948K, reserved 1048576K
}
Event: 31.870 GC heap before
{Heap before GC invocations=59 (full 0):
 garbage-first heap   total 280576K, used 207320K [0x0000000080000000, 0x0000000100000000)
  region size 1024K, 76 young (77824K), 5 survivors (5120K)
 Metaspace       used 118975K, capacity 122099K, committed 122316K, reserved 1155072K
  class space    used 14849K, capacity 16016K, committed 16076K, reserved 1048576K
}
Event: 31.880 GC heap after
{Heap after GC invocations=60 (full 0):
 garbage-first heap   total 280576K, used 145373K [0x0000000080000000, 0x0000000100000000)
  region size 1024K, 10 young (10240K), 10 survivors (10240K)
 Metaspace       used 118975K, capacity 122099K, committed 122316K, reserved 1155072K
  class space    used 14849K, capacity 16016K, committed 16076K, reserved 1048576K
}
Event: 32.099 GC heap before
{Heap before GC invocations=60 (full 0):
 garbage-first heap   total 280576K, used 213981K [0x0000000080000000, 0x0000000100000000)
  region size 1024K, 78 young (79872K), 10 survivors (10240K)
 Metaspace       used 121248K, capacity 124553K, committed 124748K, reserved 1157120K
  class space    used 15188K, capacity 16446K, committed 16460K, reserved 1048576K
}
Event: 32.110 GC heap after
{Heap after GC invocations=61 (full 0):
 garbage-first heap   total 280576K, used 152277K [0x0000000080000000, 0x0000000100000000)
  region size 1024K, 10 young (10240K), 10 survivors (10240K)
 Metaspace       used 121248K, capacity 124553K, committed 124748K, reserved 1157120K
  class space    used 15188K, capacity 16446K, committed 16460K, reserved 1048576K
}
Event: 32.518 GC heap before
{Heap before GC invocations=62 (full 0):
 garbage-first heap   total 280576K, used 219861K [0x0000000080000000, 0x0000000100000000)
  region size 1024K, 75 young (76800K), 10 survivors (10240K)
 Metaspace       used 124900K, capacity 128323K, committed 128460K, reserved 1161216K
  class space    used 15685K, capacity 16980K, committed 17100K, reserved 1048576K
}
Event: 32.533 GC heap after
{Heap after GC invocations=63 (full 0):
 garbage-first heap   total 280576K, used 159020K [0x0000000080000000, 0x0000000100000000)
  region size 1024K, 10 young (10240K), 10 survivors (10240K)
 Metaspace       used 124900K, capacity 128323K, committed 128460K, reserved 1161216K
  class space    used 15685K, capacity 16980K, committed 17100K, reserved 1048576K
}
Event: 32.648 GC heap before
{Heap before GC invocations=63 (full 0):
 garbage-first heap   total 280576K, used 220460K [0x0000000080000000, 0x0000000100000000)
  region size 1024K, 71 young (72704K), 10 survivors (10240K)
 Metaspace       used 125953K, capacity 129606K, committed 129740K, reserved 1161216K
  class space    used 15930K, capacity 17344K, committed 17356K, reserved 1048576K
}

